C:\em\Web\wwwroot\out-tsc\e2e\src\app.po.js
C:\em\Web\wwwroot\out-tsc\e2e\src\app.po.js.map
C:\em\Web\wwwroot\out-tsc\e2e\src\app.e2e-spec.js
C:\em\Web\wwwroot\out-tsc\e2e\src\app.e2e-spec.js.map
C:\em\Web\wwwroot\out-tsc\src\app\helpers\utilities.js
C:\em\Web\wwwroot\out-tsc\src\app\helpers\utilities.js.map
C:\em\Web\wwwroot\out-tsc\src\app\services\alert.service.js
C:\em\Web\wwwroot\out-tsc\src\app\services\alert.service.js.map
C:\em\Web\wwwroot\out-tsc\src\app\helpers\db-keys.js
C:\em\Web\wwwroot\out-tsc\src\app\helpers\db-keys.js.map
C:\em\Web\wwwroot\out-tsc\src\app\services\local-storage.service.js
C:\em\Web\wwwroot\out-tsc\src\app\services\local-storage.service.js.map
C:\em\Web\wwwroot\out-tsc\src\app\services\app-translation.service.js
C:\em\Web\wwwroot\out-tsc\src\app\services\app-translation.service.js.map
C:\em\Web\wwwroot\out-tsc\src\app\models\app-theme.model.js
C:\em\Web\wwwroot\out-tsc\src\app\models\app-theme.model.js.map
C:\em\Web\wwwroot\out-tsc\src\app\services\app-theme.service.js
C:\em\Web\wwwroot\out-tsc\src\app\services\app-theme.service.js.map
C:\em\Web\wwwroot\out-tsc\src\environments\environment.js
C:\em\Web\wwwroot\out-tsc\src\environments\environment.js.map
C:\em\Web\wwwroot\out-tsc\src\app\models\user-configuration.model.js
C:\em\Web\wwwroot\out-tsc\src\app\models\user-configuration.model.js.map
C:\em\Web\wwwroot\out-tsc\src\app\models\user-login.model.js
C:\em\Web\wwwroot\out-tsc\src\app\models\user-login.model.js.map
C:\em\Web\wwwroot\out-tsc\src\app\models\enum.models.js
C:\em\Web\wwwroot\out-tsc\src\app\models\enum.models.js.map
C:\em\Web\wwwroot\out-tsc\src\app\services\configuration.service.js
C:\em\Web\wwwroot\out-tsc\src\app\services\configuration.service.js.map
C:\em\Web\wwwroot\out-tsc\src\app\helpers\jwt-helper.js
C:\em\Web\wwwroot\out-tsc\src\app\helpers\jwt-helper.js.map
C:\em\Web\wwwroot\out-tsc\src\app\models\access-token.model.js
C:\em\Web\wwwroot\out-tsc\src\app\models\access-token.model.js.map
C:\em\Web\wwwroot\out-tsc\src\app\services\auth-storage.service.js
C:\em\Web\wwwroot\out-tsc\src\app\services\auth-storage.service.js.map
C:\em\Web\wwwroot\out-tsc\src\app\services\endpoint.services.js
C:\em\Web\wwwroot\out-tsc\src\app\services\endpoint.services.js.map
C:\em\Web\wwwroot\out-tsc\src\app\components\login\login.component.js
C:\em\Web\wwwroot\out-tsc\src\app\components\login\login.component.js.map
C:\em\Web\wwwroot\out-tsc\src\app\helpers\animations.js
C:\em\Web\wwwroot\out-tsc\src\app\helpers\animations.js.map
C:\em\Web\wwwroot\out-tsc\src\app\components\login\landing-page.component.js
C:\em\Web\wwwroot\out-tsc\src\app\components\login\landing-page.component.js.map
C:\em\Web\wwwroot\out-tsc\src\app\components\home\home.component.js
C:\em\Web\wwwroot\out-tsc\src\app\components\home\home.component.js.map
C:\em\Web\wwwroot\out-tsc\src\app\components\extended-logs\extended-logs.component.js
C:\em\Web\wwwroot\out-tsc\src\app\components\extended-logs\extended-logs.component.js.map
C:\em\Web\wwwroot\out-tsc\src\app\directives\bootstrap-tab.directive.js
C:\em\Web\wwwroot\out-tsc\src\app\directives\bootstrap-tab.directive.js.map
C:\em\Web\wwwroot\out-tsc\src\app\services\account.service.js
C:\em\Web\wwwroot\out-tsc\src\app\services\account.service.js.map
C:\em\Web\wwwroot\out-tsc\src\app\components\settings\settings.component.js
C:\em\Web\wwwroot\out-tsc\src\app\components\settings\settings.component.js.map
C:\em\Web\wwwroot\out-tsc\src\app\components\about\about.component.js
C:\em\Web\wwwroot\out-tsc\src\app\components\about\about.component.js.map
C:\em\Web\wwwroot\out-tsc\src\app\components\not-found\not-found.component.js
C:\em\Web\wwwroot\out-tsc\src\app\components\not-found\not-found.component.js.map
C:\em\Web\wwwroot\out-tsc\src\app\services\auth-guard.service.js
C:\em\Web\wwwroot\out-tsc\src\app\services\auth-guard.service.js.map
C:\em\Web\wwwroot\out-tsc\src\app\components\policies\policies.component.js
C:\em\Web\wwwroot\out-tsc\src\app\components\policies\policies.component.js.map
C:\em\Web\wwwroot\out-tsc\src\app\components\login\login-redirect.component.js
C:\em\Web\wwwroot\out-tsc\src\app\components\login\login-redirect.component.js.map
C:\em\Web\wwwroot\out-tsc\src\app\app-routing.module.js
C:\em\Web\wwwroot\out-tsc\src\app\app-routing.module.js.map
C:\em\Web\wwwroot\out-tsc\src\app\services\extended-log.service.js
C:\em\Web\wwwroot\out-tsc\src\app\services\extended-log.service.js.map
C:\em\Web\wwwroot\out-tsc\src\app\app-error.handler.js
C:\em\Web\wwwroot\out-tsc\src\app\app-error.handler.js.map
C:\em\Web\wwwroot\out-tsc\src\app\services\app-title.service.js
C:\em\Web\wwwroot\out-tsc\src\app\services\app-title.service.js.map
C:\em\Web\wwwroot\out-tsc\src\app\services\notification-mock.service.js
C:\em\Web\wwwroot\out-tsc\src\app\services\notification-mock.service.js.map
C:\em\Web\wwwroot\out-tsc\src\app\services\notification.service.js
C:\em\Web\wwwroot\out-tsc\src\app\services\notification.service.js.map
C:\em\Web\wwwroot\out-tsc\src\app\directives\event-conditions-validator-directive.js
C:\em\Web\wwwroot\out-tsc\src\app\directives\event-conditions-validator-directive.js.map
C:\em\Web\wwwroot\out-tsc\src\app\directives\input-ref.directive.js
C:\em\Web\wwwroot\out-tsc\src\app\directives\input-ref.directive.js.map
C:\em\Web\wwwroot\out-tsc\src\app\directives\equal-validator.directive.js
C:\em\Web\wwwroot\out-tsc\src\app\directives\equal-validator.directive.js.map
C:\em\Web\wwwroot\out-tsc\src\app\directives\last-element.directive.js
C:\em\Web\wwwroot\out-tsc\src\app\directives\last-element.directive.js.map
C:\em\Web\wwwroot\out-tsc\src\app\directives\autofocus.directive.js
C:\em\Web\wwwroot\out-tsc\src\app\directives\autofocus.directive.js.map
C:\em\Web\wwwroot\out-tsc\src\app\directives\bootstrap-toggle.directive.js
C:\em\Web\wwwroot\out-tsc\src\app\directives\bootstrap-toggle.directive.js.map
C:\em\Web\wwwroot\out-tsc\src\app\directives\bootstrap-select.directive.js
C:\em\Web\wwwroot\out-tsc\src\app\directives\bootstrap-select.directive.js.map
C:\em\Web\wwwroot\out-tsc\src\app\directives\bootstrap-datepicker.directive.js
C:\em\Web\wwwroot\out-tsc\src\app\directives\bootstrap-datepicker.directive.js.map
C:\em\Web\wwwroot\out-tsc\src\app\pipes\group-by.pipe.js
C:\em\Web\wwwroot\out-tsc\src\app\pipes\group-by.pipe.js.map
C:\em\Web\wwwroot\out-tsc\src\app\pipes\enum-to-array.pipe.js
C:\em\Web\wwwroot\out-tsc\src\app\pipes\enum-to-array.pipe.js.map
C:\em\Web\wwwroot\out-tsc\src\app\components\app.component.js
C:\em\Web\wwwroot\out-tsc\src\app\components\app.component.js.map
C:\em\Web\wwwroot\out-tsc\src\app\components\controls\notifications-management.component.js
C:\em\Web\wwwroot\out-tsc\src\app\components\controls\notifications-management.component.js.map
C:\em\Web\wwwroot\out-tsc\src\app\components\controls\search-box.component.js
C:\em\Web\wwwroot\out-tsc\src\app\components\controls\search-box.component.js.map
C:\em\Web\wwwroot\out-tsc\src\app\components\controls\validation-control.component.js
C:\em\Web\wwwroot\out-tsc\src\app\components\controls\validation-control.component.js.map
C:\em\Web\wwwroot\out-tsc\src\app\components\controls\custom-input.component.js
C:\em\Web\wwwroot\out-tsc\src\app\components\controls\custom-input.component.js.map
C:\em\Web\wwwroot\out-tsc\src\app\components\settings\user-editor.component.js
C:\em\Web\wwwroot\out-tsc\src\app\components\settings\user-editor.component.js.map
C:\em\Web\wwwroot\out-tsc\src\app\components\settings\user-preferences.component.js
C:\em\Web\wwwroot\out-tsc\src\app\components\settings\user-preferences.component.js.map
C:\em\Web\wwwroot\out-tsc\src\app\components\settings\users-management.component.js
C:\em\Web\wwwroot\out-tsc\src\app\components\settings\users-management.component.js.map
C:\em\Web\wwwroot\out-tsc\src\app\components\settings\role-editor.component.js
C:\em\Web\wwwroot\out-tsc\src\app\components\settings\role-editor.component.js.map
C:\em\Web\wwwroot\out-tsc\src\app\components\settings\roles-management.component.js
C:\em\Web\wwwroot\out-tsc\src\app\components\settings\roles-management.component.js.map
C:\em\Web\wwwroot\out-tsc\src\app\components\extended-logs\extended-log-editor.component.js
C:\em\Web\wwwroot\out-tsc\src\app\components\extended-logs\extended-log-editor.component.js.map
C:\em\Web\wwwroot\out-tsc\src\app\components\extended-logs\extended-logs-management.component.js
C:\em\Web\wwwroot\out-tsc\src\app\components\extended-logs\extended-logs-management.component.js.map
C:\em\Web\wwwroot\out-tsc\src\app\app.module.js
C:\em\Web\wwwroot\out-tsc\src\app\app.module.js.map
C:\em\Web\wwwroot\out-tsc\src\main.js
C:\em\Web\wwwroot\out-tsc\src\main.js.map
C:\em\Web\wwwroot\out-tsc\src\polyfills.js
C:\em\Web\wwwroot\out-tsc\src\polyfills.js.map
C:\em\Web\wwwroot\out-tsc\src\test.js
C:\em\Web\wwwroot\out-tsc\src\test.js.map
C:\em\Web\wwwroot\out-tsc\src\app\services\auth-oidc.service.js
C:\em\Web\wwwroot\out-tsc\src\app\services\auth-oidc.service.js.map
C:\em\Web\wwwroot\out-tsc\src\environments\environment.prod.js
C:\em\Web\wwwroot\out-tsc\src\environments\environment.prod.js.map
